> Task :app:preBuild UP-TO-DATE
> Task :app:preDebugBuild UP-TO-DATE
> Task :app:mergeDebugNativeDebugMetadata NO-SOURCE
> Task :app:javaPreCompileDebug UP-TO-DATE
> Task :wblib:preBuild UP-TO-DATE
> Task :wblib:preDebugBuild UP-TO-DATE
> Task :wblib:writeDebugAarMetadata UP-TO-DATE
> Task :app:checkDebugAarMetadata UP-TO-DATE
> Task :app:generateDebugResValues UP-TO-DATE
> Task :wblib:generateDebugResValues UP-TO-DATE
> Task :wblib:generateDebugResources UP-TO-DATE
> Task :wblib:packageDebugResources UP-TO-DATE
> Task :app:mapDebugSourceSetPaths UP-TO-DATE
> Task :app:generateDebugResources UP-TO-DATE
> Task :app:mergeDebugResources UP-TO-DATE
> Task :app:packageDebugResources UP-TO-DATE
> Task :app:parseDebugLocalResources UP-TO-DATE
> Task :app:createDebugCompatibleScreenManifests UP-TO-DATE
> Task :app:extractDeepLinksDebug UP-TO-DATE
> Task :wblib:extractDeepLinksDebug UP-TO-DATE
> Task :wblib:processDebugManifest UP-TO-DATE
> Task :app:processDebugMainManifest UP-TO-DATE
> Task :app:processDebugManifest UP-TO-DATE
> Task :app:processDebugManifestForPackage UP-TO-DATE
> Task :wblib:compileDebugLibraryResources UP-TO-DATE
> Task :wblib:parseDebugLocalResources UP-TO-DATE
> Task :wblib:generateDebugRFile UP-TO-DATE
> Task :app:processDebugResources UP-TO-DATE
> Task :wblib:javaPreCompileDebug UP-TO-DATE
> Task :wblib:compileDebugJavaWithJavac UP-TO-DATE
> Task :wblib:bundleLibCompileToJarDebug UP-TO-DATE
> Task :app:compileDebugJavaWithJavac UP-TO-DATE
> Task :app:mergeDebugShaders UP-TO-DATE
> Task :app:compileDebugShaders NO-SOURCE
> Task :app:generateDebugAssets UP-TO-DATE
> Task :wblib:mergeDebugShaders UP-TO-DATE
> Task :wblib:compileDebugShaders NO-SOURCE
> Task :wblib:generateDebugAssets UP-TO-DATE
> Task :wblib:packageDebugAssets UP-TO-DATE
> Task :app:mergeDebugAssets UP-TO-DATE
> Task :app:compressDebugAssets UP-TO-DATE
> Task :wblib:bundleLibRuntimeToJarDebug UP-TO-DATE
> Task :app:desugarDebugFileDependencies UP-TO-DATE
> Task :app:dexBuilderDebug UP-TO-DATE
> Task :app:mergeDebugGlobalSynthetics UP-TO-DATE
> Task :app:processDebugJavaRes NO-SOURCE
> Task :wblib:processDebugJavaRes NO-SOURCE
> Task :app:mergeDebugJavaResource UP-TO-DATE
> Task :app:checkDebugDuplicateClasses UP-TO-DATE
> Task :app:mergeExtDexDebug UP-TO-DATE
> Task :wblib:bundleLibRuntimeToDirDebug UP-TO-DATE
> Task :app:mergeProjectDexDebug UP-TO-DATE
> Task :app:mergeDebugJniLibFolders UP-TO-DATE
> Task :app:mergeLibDexDebug UP-TO-DATE
> Task :wblib:mergeDebugJniLibFolders UP-TO-DATE
> Task :wblib:mergeDebugNativeLibs NO-SOURCE
> Task :wblib:copyDebugJniLibsProjectOnly UP-TO-DATE
> Task :app:mergeDebugNativeLibs NO-SOURCE
> Task :app:stripDebugDebugSymbols NO-SOURCE
> Task :app:validateSigningDebug UP-TO-DATE
> Task :app:writeDebugAppMetadata UP-TO-DATE
> Task :app:writeDebugSigningConfigVersions UP-TO-DATE
> Task :app:packageDebug UP-TO-DATE
> Task :app:createDebugApkListingFileRedirect UP-TO-DATE
> Task :app:assembleDebug UP-TO-DATE
> Task :wblib:stripDebugDebugSymbols NO-SOURCE
> Task :wblib:copyDebugJniLibsProjectAndLocalJars UP-TO-DATE
> Task :wblib:extractDebugAnnotations UP-TO-DATE
> Task :wblib:extractDeepLinksForAarDebug UP-TO-DATE
> Task :wblib:mergeDebugGeneratedProguardFiles UP-TO-DATE
> Task :wblib:mergeDebugConsumerProguardFiles UP-TO-DATE
> Task :wblib:prepareDebugArtProfile UP-TO-DATE
> Task :wblib:prepareLintJarForPublish UP-TO-DATE
> Task :wblib:mergeDebugJavaResource UP-TO-DATE
> Task :wblib:syncDebugLibJars UP-TO-DATE
> Task :wblib:bundleDebugAar UP-TO-DATE
> Task :wblib:assembleDebug UP-TO-DATE

Deprecated Gradle features were used in this build, making it incompatible with Gradle 9.0.

You can use '--warning-mode all' to show the individual deprecation warnings and determine if they come from your own scripts or plugins.

For more on this, please refer to https://docs.gradle.org/8.9/userguide/command_line_interface.html#sec:command_line_warnings in the Gradle documentation.

BUILD SUCCESSFUL in 445ms
60 actionable tasks: 60 up-to-date
